09:29:24.038 [main] INFO  org.testng.annotations.Test - ****** Starting TC_003_ValidateNewsItems ******
09:29:24.379 [main] INFO  org.testng.annotations.Test - Clicked on the featured news link
09:29:26.563 [main] INFO  org.testng.annotations.Test - News Screeshot is taken
09:29:26.707 [main] INFO  org.testng.annotations.Test - Clicked on the be.Congnizant link
09:29:29.686 [main] INFO  org.testng.annotations.Test - Clicked on the featured news link
09:29:31.808 [main] INFO  org.testng.annotations.Test - News Screeshot is taken
09:29:31.913 [main] INFO  org.testng.annotations.Test - Clicked on the be.Congnizant link
09:29:34.634 [main] INFO  org.testng.annotations.Test - Clicked on the featured news link
09:29:36.420 [main] INFO  org.testng.annotations.Test - News Screeshot is taken
09:29:36.497 [main] INFO  org.testng.annotations.Test - Clicked on the be.Congnizant link
09:29:39.279 [main] INFO  org.testng.annotations.Test - Clicked on the featured news link
09:29:41.048 [main] INFO  org.testng.annotations.Test - News Screeshot is taken
09:29:41.158 [main] INFO  org.testng.annotations.Test - Clicked on the be.Congnizant link
09:29:43.912 [main] INFO  org.testng.annotations.Test - Clicked on the featured news link
09:29:50.778 [main] INFO  org.testng.annotations.Test - News Screeshot is taken
09:29:50.891 [main] INFO  org.testng.annotations.Test - Clicked on the be.Congnizant link
09:29:53.490 [main] INFO  org.testng.annotations.Test - ****** finished TC_003_ValidateNewsItems ****** 
09:29:53.495 [main] INFO  org.testng.annotations.Test - ****** Starting TC_004_ValidateAppsAndTools ******
09:29:53.619 [main] INFO  org.testng.annotations.Test - Clicked on the all app's and tools link
09:30:02.083 [main] INFO  org.testng.annotations.Test - ****** finished TC_004_ValidateAppsAndTools ******
